<?xml version="1.0" encoding="UTF-8"?>
<!-- Generated by org.testng.reporters.JUnitReportReporter -->
<testsuite hostname="DESKTOP-6GCIM0N" failures="0" tests="1" name="com.jupiter.automation.testsuites.Test2" time="37.250" errors="0" timestamp="2022-11-08T18:51:19 IST" skipped="0">
  <testcase classname="com.jupiter.automation.testsuites.Test2" name="Test2" time="37.250"/>
  <system-out/>
</testsuite> <!-- com.jupiter.automation.testsuites.Test2 -->
